-------------------------------------------------------------------------------
Test set: example.users.UserManagementIntegrationTests
-------------------------------------------------------------------------------
Tests run: 1, Failures: 0, Errors: 1, Skipped: 0, Time elapsed: 1.851 s <<< FAILURE! - in example.users.UserManagementIntegrationTests
encryptsPasswordWhenCreatingAUser  Time elapsed: 0.015 s  <<< ERROR!
java.lang.AbstractMethodError: Receiver class ch.qos.logback.classic.pattern.EnsureExceptionHandling does not define or inherit an implementation of the resolved method 'abstract void process(ch.qos.logback.core.Context, ch.qos.logback.core.pattern.Converter)' of interface ch.qos.logback.core.pattern.PostCompileProcessor.

